0 info it worked if it ends with ok
1 verbose cli [ '/usr/local/bin/node',
1 verbose cli   '/usr/local/bin/npm',
1 verbose cli   'install',
1 verbose cli   'http-server',
1 verbose cli   '-g' ]
2 info using npm@2.14.12
3 info using node@v4.3.1
4 verbose install initial load of /usr/local/lib/package.json
5 verbose readDependencies loading dependencies from /usr/local/lib/package.json
6 silly cache add args [ 'http-server', null ]
7 verbose cache add spec http-server
8 silly cache add parsed spec Result {
8 silly cache add   raw: 'http-server',
8 silly cache add   scope: null,
8 silly cache add   name: 'http-server',
8 silly cache add   rawSpec: '',
8 silly cache add   spec: 'latest',
8 silly cache add   type: 'tag' }
9 silly addNamed http-server@latest
10 verbose addNamed "latest" is being treated as a dist-tag for http-server
11 info addNameTag [ 'http-server', 'latest' ]
12 silly mapToRegistry name http-server
13 silly mapToRegistry using default registry
14 silly mapToRegistry registry https://registry.npmjs.org/
15 silly mapToRegistry uri https://registry.npmjs.org/http-server
16 verbose addNameTag registry:https://registry.npmjs.org/http-server not in flight; fetching
17 verbose get https://registry.npmjs.org/http-server not expired, no request
18 silly addNameTag next cb for http-server with tag latest
19 silly addNamed http-server@0.9.0
20 verbose addNamed "0.9.0" is a plain semver version for http-server
21 silly cache afterAdd http-server@0.9.0
22 verbose afterAdd /Users/nmpegetis/.npm/http-server/0.9.0/package/package.json not in flight; writing
23 verbose afterAdd /Users/nmpegetis/.npm/http-server/0.9.0/package/package.json written
24 silly install resolved [ { name: 'http-server',
24 silly install resolved     version: '0.9.0',
24 silly install resolved     description: 'A simple zero-configuration command-line http server',
24 silly install resolved     main: './lib/http-server',
24 silly install resolved     repository:
24 silly install resolved      { type: 'git',
24 silly install resolved        url: 'git://github.com/indexzero/http-server.git' },
24 silly install resolved     keywords: [ 'cli', 'command' ],
24 silly install resolved     scripts:
24 silly install resolved      { start: 'node ./bin/http-server',
24 silly install resolved        pretest: 'common bin/http-server lib/ test',
24 silly install resolved        test: 'vows --spec --isolate' },
24 silly install resolved     contributors:
24 silly install resolved      [ [Object],
24 silly install resolved        [Object],
24 silly install resolved        [Object],
24 silly install resolved        [Object],
24 silly install resolved        [Object],
24 silly install resolved        [Object],
24 silly install resolved        [Object],
24 silly install resolved        [Object],
24 silly install resolved        [Object],
24 silly install resolved        [Object] ],
24 silly install resolved     dependencies:
24 silly install resolved      { colors: '1.0.3',
24 silly install resolved        corser: '~2.0.0',
24 silly install resolved        ecstatic: '^1.4.0',
24 silly install resolved        'http-proxy': '^1.8.1',
24 silly install resolved        opener: '~1.4.0',
24 silly install resolved        optimist: '0.6.x',
24 silly install resolved        portfinder: '0.4.x',
24 silly install resolved        union: '~0.4.3' },
24 silly install resolved     devDependencies: { 'common-style': '^3.0.0', request: '2.49.x', vows: '0.7.x' },
24 silly install resolved     bugs: { url: 'https://github.com/nodeapps/http-server/issues' },
24 silly install resolved     license: 'MIT',
24 silly install resolved     preferGlobal: 'true',
24 silly install resolved     bin: { 'http-server': './bin/http-server', hs: './bin/http-server' },
24 silly install resolved     gitHead: '1a8552c5e028bd5500027ee940111133927a4e94',
24 silly install resolved     homepage: 'https://github.com/indexzero/http-server#readme',
24 silly install resolved     _id: 'http-server@0.9.0',
24 silly install resolved     _shasum: '8f1b06bdc733618d4dc42831c7ba1aff4e06001a',
24 silly install resolved     _from: 'http-server@latest',
24 silly install resolved     _npmVersion: '3.7.1',
24 silly install resolved     _nodeVersion: '4.2.2',
24 silly install resolved     _npmUser: { name: 'indexzero', email: 'charlie.robbins@gmail.com' },
24 silly install resolved     maintainers: [ [Object] ],
24 silly install resolved     dist:
24 silly install resolved      { shasum: '8f1b06bdc733618d4dc42831c7ba1aff4e06001a',
24 silly install resolved        tarball: 'https://registry.npmjs.org/http-server/-/http-server-0.9.0.tgz' },
24 silly install resolved     _npmOperationalInternal:
24 silly install resolved      { host: 'packages-6-west.internal.npmjs.com',
24 silly install resolved        tmp: 'tmp/http-server-0.9.0.tgz_1455864708425_0.19514421350322664' },
24 silly install resolved     directories: {},
24 silly install resolved     _resolved: 'https://registry.npmjs.org/http-server/-/http-server-0.9.0.tgz',
24 silly install resolved     readme: 'ERROR: No README data found!' } ]
25 info install http-server@0.9.0 into /usr/local/lib
26 info installOne http-server@0.9.0
27 verbose installOne of http-server to /usr/local/lib not in flight; installing
28 verbose lock using /Users/nmpegetis/.npm/_locks/http-server-ae30c9ae1f4c5eaa.lock for /usr/local/lib/node_modules/http-server
29 silly install write writing http-server 0.9.0 to /usr/local/lib/node_modules/http-server
30 verbose unbuild lib/node_modules/http-server
31 silly gentlyRm /usr/local/lib/node_modules/http-server is being purged from base /usr/local
32 verbose gentlyRm don't care about contents; nuking /usr/local/lib/node_modules/http-server
33 verbose tar unpack /Users/nmpegetis/.npm/http-server/0.9.0/package.tgz
34 verbose tar unpacking to /usr/local/lib/node_modules/http-server
35 silly gentlyRm /usr/local/lib/node_modules/http-server is being purged
36 verbose gentlyRm don't care about contents; nuking /usr/local/lib/node_modules/http-server
37 silly gunzTarPerm modes [ '755', '644' ]
38 error tar.unpack untar error /Users/nmpegetis/.npm/http-server/0.9.0/package.tgz
39 verbose unlock done using /Users/nmpegetis/.npm/_locks/http-server-ae30c9ae1f4c5eaa.lock for /usr/local/lib/node_modules/http-server
40 verbose fstream_path /usr/local/lib/node_modules/http-server
41 verbose fstream_type Directory
42 verbose fstream_class DirWriter
43 verbose stack Error: EACCES: permission denied, mkdir '/usr/local/lib/node_modules/http-server'
43 verbose stack     at Error (native)
44 verbose fstream_stack /usr/local/lib/node_modules/npm/node_modules/fstream/lib/dir-writer.js:35:25
44 verbose fstream_stack /usr/local/lib/node_modules/npm/node_modules/mkdirp/index.js:47:53
44 verbose fstream_stack FSReqWrap.oncomplete (fs.js:82:15)
45 verbose cwd /Users/nmpegetis/Sites/visualizationAPI/goNode
46 error Darwin 15.4.0
47 error argv "/usr/local/bin/node" "/usr/local/bin/npm" "install" "http-server" "-g"
48 error node v4.3.1
49 error npm  v2.14.12
50 error path /usr/local/lib/node_modules/http-server
51 error code EACCES
52 error errno -13
53 error syscall mkdir
54 error Error: EACCES: permission denied, mkdir '/usr/local/lib/node_modules/http-server'
54 error     at Error (native)
54 error  { [Error: EACCES: permission denied, mkdir '/usr/local/lib/node_modules/http-server']
54 error   errno: -13,
54 error   code: 'EACCES',
54 error   syscall: 'mkdir',
54 error   path: '/usr/local/lib/node_modules/http-server',
54 error   fstream_type: 'Directory',
54 error   fstream_path: '/usr/local/lib/node_modules/http-server',
54 error   fstream_class: 'DirWriter',
54 error   fstream_stack:
54 error    [ '/usr/local/lib/node_modules/npm/node_modules/fstream/lib/dir-writer.js:35:25',
54 error      '/usr/local/lib/node_modules/npm/node_modules/mkdirp/index.js:47:53',
54 error      'FSReqWrap.oncomplete (fs.js:82:15)' ] }
55 error Please try running this command again as root/Administrator.
56 verbose exit [ -13, true ]
57 verbose unbuild lib/node_modules/http-server
58 silly gentlyRm /usr/local/lib/node_modules/http-server is being purged from base /usr/local
59 verbose gentlyRm don't care about contents; nuking /usr/local/lib/node_modules/http-server
